[2025-12-16 14:42:26] Starting processing for delta_5_cutoff_5_minedge_1
[2025-12-16 14:42:26] Config: GATConfig(embedding_dim=256, hidden_dim=256, dropout=0.3, lr=0.001, weight_decay=0.0001, epochs=3, batch_size=1024, num_heads=4, dnn_hidden_dim=256)
[2025-12-16 14:42:26] Dataset stats:
[2025-12-16 14:42:26]   Num nodes: 64706
[2025-12-16 14:42:26]   Train edges: 3342034
[2025-12-16 14:42:26]   Test pairs: 10000000
[2025-12-16 14:42:26]   Positive test pairs: 107654 (1.1%)
[2025-12-16 14:42:26]   Negative test pairs: 9892346 (98.9%)
[2025-12-16 14:42:26] Dataset: delta_5_cutoff_5_minedge_1
[2025-12-16 14:42:26] Training GAT: nodes=64706, train_edges=3406740, test_pairs=10000000
[2025-12-16 14:42:26] Using 50000 samples for evaluation
[2025-12-16 14:42:26] 
============================================================
[2025-12-16 14:42:26] Starting epoch 1/3
[2025-12-16 14:42:26] ============================================================
[2025-12-16 14:43:41] Training completed. Starting evaluation...
[2025-12-16 14:44:15] Epoch 1: Avg Loss = 0.4806, AUC = 0.6621
[2025-12-16 14:44:15]   ✅ Saved best model to models/best_delta_5_cutoff_5_minedge_1.pth (AUC: 0.6621)
[2025-12-16 14:44:15] 
============================================================
[2025-12-16 14:44:15] Starting epoch 2/3
[2025-12-16 14:44:15] ============================================================
[2025-12-16 14:45:29] Training completed. Starting evaluation...
[2025-12-16 14:46:03] Epoch 2: Avg Loss = 0.4338, AUC = 0.6887
[2025-12-16 14:46:03]   ✅ Saved best model to models/best_delta_5_cutoff_5_minedge_1.pth (AUC: 0.6887)
[2025-12-16 14:46:03] 
============================================================
[2025-12-16 14:46:03] Starting epoch 3/3
[2025-12-16 14:46:03] ============================================================
[2025-12-16 14:47:17] Training completed. Starting evaluation...
[2025-12-16 14:47:53] Epoch 3: Avg Loss = 0.3938, AUC = 0.7329
[2025-12-16 14:47:53]   ✅ Saved best model to models/best_delta_5_cutoff_5_minedge_1.pth (AUC: 0.7329)
[2025-12-16 14:47:53] Training completed for delta_5_cutoff_5_minedge_1
[2025-12-16 14:47:53] Best AUC: 0.7329 at epoch 3
[2025-12-16 14:47:53] Completed delta_5_cutoff_5_minedge_1 with AUC: 0.7329
