[2025-12-16 13:57:17] Starting processing for delta_3_cutoff_5_minedge_1
[2025-12-16 13:57:17] Config: GATConfig(embedding_dim=256, hidden_dim=256, dropout=0.3, lr=0.001, weight_decay=0.0001, epochs=3, batch_size=1024, num_heads=4, dnn_hidden_dim=256)
[2025-12-16 13:57:17] Dataset stats:
[2025-12-16 13:57:17]   Num nodes: 64716
[2025-12-16 13:57:17]   Train edges: 7652856
[2025-12-16 13:57:17]   Test pairs: 10000000
[2025-12-16 13:57:17]   Positive test pairs: 61347 (0.6%)
[2025-12-16 13:57:17]   Negative test pairs: 9938653 (99.4%)
[2025-12-16 13:57:18] Dataset: delta_3_cutoff_5_minedge_1
[2025-12-16 13:57:18] Training GAT: nodes=64716, train_edges=7717572, test_pairs=10000000
[2025-12-16 13:57:18] Using 50000 samples for evaluation
[2025-12-16 13:57:18] 
============================================================
[2025-12-16 13:57:18] Starting epoch 1/3
[2025-12-16 13:57:18] ============================================================
[2025-12-16 13:59:54] Training completed. Starting evaluation...
[2025-12-16 14:01:06] Epoch 1: Avg Loss = 0.5336, AUC = 0.7097
[2025-12-16 14:01:06]   ✅ Saved best model to models/best_delta_3_cutoff_5_minedge_1.pth (AUC: 0.7097)
[2025-12-16 14:01:06] 
============================================================
[2025-12-16 14:01:06] Starting epoch 2/3
[2025-12-16 14:01:06] ============================================================
[2025-12-16 14:03:48] Training completed. Starting evaluation...
[2025-12-16 14:05:03] Epoch 2: Avg Loss = 0.4682, AUC = 0.7616
[2025-12-16 14:05:03]   ✅ Saved best model to models/best_delta_3_cutoff_5_minedge_1.pth (AUC: 0.7616)
[2025-12-16 14:05:03] 
============================================================
[2025-12-16 14:05:03] Starting epoch 3/3
[2025-12-16 14:05:03] ============================================================
[2025-12-16 14:07:40] Training completed. Starting evaluation...
[2025-12-16 14:08:51] Epoch 3: Avg Loss = 0.4300, AUC = 0.7733
[2025-12-16 14:08:51]   ✅ Saved best model to models/best_delta_3_cutoff_5_minedge_1.pth (AUC: 0.7733)
[2025-12-16 14:08:51] Training completed for delta_3_cutoff_5_minedge_1
[2025-12-16 14:08:51] Best AUC: 0.7733 at epoch 3
[2025-12-16 14:08:51] Completed delta_3_cutoff_5_minedge_1 with AUC: 0.7733
