[2025-12-16 07:47:26] Starting processing for delta_1_cutoff_0_minedge_3
[2025-12-16 07:47:26] Config: GATConfig(embedding_dim=256, hidden_dim=256, dropout=0.3, lr=0.001, weight_decay=0.0001, epochs=3, batch_size=1024, num_heads=4, dnn_hidden_dim=256)
[2025-12-16 07:47:26] Dataset stats:
[2025-12-16 07:47:26]   Num nodes: 64719
[2025-12-16 07:47:26]   Train edges: 17892352
[2025-12-16 07:47:26]   Test pairs: 10000000
[2025-12-16 07:47:26]   Positive test pairs: 156 (0.0%)
[2025-12-16 07:47:26]   Negative test pairs: 9999844 (100.0%)
[2025-12-16 07:47:27] Dataset: delta_1_cutoff_0_minedge_3
[2025-12-16 07:47:27] Training GAT: nodes=64719, train_edges=17957071, test_pairs=10000000
[2025-12-16 07:47:27] Using 50000 samples for evaluation
[2025-12-16 07:47:27] 
============================================================
[2025-12-16 07:47:27] Starting epoch 1/3
[2025-12-16 07:47:27] ============================================================
[2025-12-16 07:55:10] Training completed. Starting evaluation...
[2025-12-16 07:58:44] Epoch 1: Avg Loss = 0.5896, AUC = 0.9754
[2025-12-16 07:58:44]   ✅ Saved best model to models/best_delta_1_cutoff_0_minedge_3.pth (AUC: 0.9754)
[2025-12-16 07:58:44] 
============================================================
[2025-12-16 07:58:44] Starting epoch 2/3
[2025-12-16 07:58:44] ============================================================
[2025-12-16 08:06:30] Training completed. Starting evaluation...
[2025-12-16 08:10:05] Epoch 2: Avg Loss = 0.4894, AUC = 0.9749
[2025-12-16 08:10:05] 
============================================================
[2025-12-16 08:10:05] Starting epoch 3/3
[2025-12-16 08:10:05] ============================================================
[2025-12-16 08:17:53] Training completed. Starting evaluation...
[2025-12-16 08:21:28] Epoch 3: Avg Loss = 0.4440, AUC = 0.9821
[2025-12-16 08:21:28]   ✅ Saved best model to models/best_delta_1_cutoff_0_minedge_3.pth (AUC: 0.9821)
[2025-12-16 08:21:28] Training completed for delta_1_cutoff_0_minedge_3
[2025-12-16 08:21:28] Best AUC: 0.9821 at epoch 3
[2025-12-16 08:21:28] Completed delta_1_cutoff_0_minedge_3 with AUC: 0.9821
