[2025-12-16 14:25:51] Starting processing for delta_5_cutoff_0_minedge_3
[2025-12-16 14:25:51] Config: GATConfig(embedding_dim=256, hidden_dim=256, dropout=0.3, lr=0.001, weight_decay=0.0001, epochs=3, batch_size=1024, num_heads=4, dnn_hidden_dim=256)
[2025-12-16 14:25:51] Dataset stats:
[2025-12-16 14:25:51]   Num nodes: 64719
[2025-12-16 14:25:51]   Train edges: 3342034
[2025-12-16 14:25:51]   Test pairs: 10000000
[2025-12-16 14:25:51]   Positive test pairs: 4004 (0.0%)
[2025-12-16 14:25:51]   Negative test pairs: 9995996 (100.0%)
[2025-12-16 14:25:51] Dataset: delta_5_cutoff_0_minedge_3
[2025-12-16 14:25:51] Training GAT: nodes=64719, train_edges=3406753, test_pairs=10000000
[2025-12-16 14:25:51] Using 50000 samples for evaluation
[2025-12-16 14:25:51] 
============================================================
[2025-12-16 14:25:51] Starting epoch 1/3
[2025-12-16 14:25:51] ============================================================
[2025-12-16 14:27:08] Training completed. Starting evaluation...
[2025-12-16 14:27:42] Epoch 1: Avg Loss = 0.4654, AUC = 0.7395
[2025-12-16 14:27:42]   ✅ Saved best model to models/best_delta_5_cutoff_0_minedge_3.pth (AUC: 0.7395)
[2025-12-16 14:27:42] 
============================================================
[2025-12-16 14:27:42] Starting epoch 2/3
[2025-12-16 14:27:42] ============================================================
[2025-12-16 14:29:00] Training completed. Starting evaluation...
[2025-12-16 14:29:35] Epoch 2: Avg Loss = 0.4271, AUC = 0.7901
[2025-12-16 14:29:35]   ✅ Saved best model to models/best_delta_5_cutoff_0_minedge_3.pth (AUC: 0.7901)
[2025-12-16 14:29:35] 
============================================================
[2025-12-16 14:29:35] Starting epoch 3/3
[2025-12-16 14:29:35] ============================================================
[2025-12-16 14:30:51] Training completed. Starting evaluation...
[2025-12-16 14:31:26] Epoch 3: Avg Loss = 0.3919, AUC = 0.7913
[2025-12-16 14:31:26]   ✅ Saved best model to models/best_delta_5_cutoff_0_minedge_3.pth (AUC: 0.7913)
[2025-12-16 14:31:26] Training completed for delta_5_cutoff_0_minedge_3
[2025-12-16 14:31:26] Best AUC: 0.7913 at epoch 3
[2025-12-16 14:31:26] Completed delta_5_cutoff_0_minedge_3 with AUC: 0.7913
