[2025-12-16 12:20:33] Starting processing for delta_3_cutoff_25_minedge_1
[2025-12-16 12:20:33] Config: GATConfig(embedding_dim=256, hidden_dim=256, dropout=0.3, lr=0.001, weight_decay=0.0001, epochs=3, batch_size=1024, num_heads=4, dnn_hidden_dim=256)
[2025-12-16 12:20:33] Dataset stats:
[2025-12-16 12:20:33]   Num nodes: 64716
[2025-12-16 12:20:33]   Train edges: 7652856
[2025-12-16 12:20:33]   Test pairs: 10000000
[2025-12-16 12:20:33]   Positive test pairs: 75039 (0.8%)
[2025-12-16 12:20:33]   Negative test pairs: 9924961 (99.2%)
[2025-12-16 12:20:33] Dataset: delta_3_cutoff_25_minedge_1
[2025-12-16 12:20:33] Training GAT: nodes=64716, train_edges=7717572, test_pairs=10000000
[2025-12-16 12:20:33] Using 50000 samples for evaluation
[2025-12-16 12:20:33] 
============================================================
[2025-12-16 12:20:33] Starting epoch 1/3
[2025-12-16 12:20:33] ============================================================
[2025-12-16 12:23:18] Training completed. Starting evaluation...
[2025-12-16 12:24:32] Epoch 1: Avg Loss = 0.5405, AUC = 0.7148
[2025-12-16 12:24:32]   ✅ Saved best model to models/best_delta_3_cutoff_25_minedge_1.pth (AUC: 0.7148)
[2025-12-16 12:24:32] 
============================================================
[2025-12-16 12:24:32] Starting epoch 2/3
[2025-12-16 12:24:32] ============================================================
[2025-12-16 12:27:18] Training completed. Starting evaluation...
[2025-12-16 12:28:34] Epoch 2: Avg Loss = 0.4512, AUC = 0.7752
[2025-12-16 12:28:34]   ✅ Saved best model to models/best_delta_3_cutoff_25_minedge_1.pth (AUC: 0.7752)
[2025-12-16 12:28:34] 
============================================================
[2025-12-16 12:28:34] Starting epoch 3/3
[2025-12-16 12:28:34] ============================================================
[2025-12-16 12:31:12] Training completed. Starting evaluation...
[2025-12-16 12:32:23] Epoch 3: Avg Loss = 0.4084, AUC = 0.7755
[2025-12-16 12:32:24]   ✅ Saved best model to models/best_delta_3_cutoff_25_minedge_1.pth (AUC: 0.7755)
[2025-12-16 12:32:24] Training completed for delta_3_cutoff_25_minedge_1
[2025-12-16 12:32:24] Best AUC: 0.7755 at epoch 3
[2025-12-16 12:32:24] Completed delta_3_cutoff_25_minedge_1 with AUC: 0.7755
