[2025-12-16 14:08:51] Starting processing for delta_3_cutoff_5_minedge_3
[2025-12-16 14:08:51] Config: GATConfig(embedding_dim=256, hidden_dim=256, dropout=0.3, lr=0.001, weight_decay=0.0001, epochs=3, batch_size=1024, num_heads=4, dnn_hidden_dim=256)
[2025-12-16 14:08:52] Dataset stats:
[2025-12-16 14:08:52]   Num nodes: 64716
[2025-12-16 14:08:52]   Train edges: 7652856
[2025-12-16 14:08:52]   Test pairs: 10000000
[2025-12-16 14:08:52]   Positive test pairs: 2444 (0.0%)
[2025-12-16 14:08:52]   Negative test pairs: 9997556 (100.0%)
[2025-12-16 14:08:52] Dataset: delta_3_cutoff_5_minedge_3
[2025-12-16 14:08:52] Training GAT: nodes=64716, train_edges=7717572, test_pairs=10000000
[2025-12-16 14:08:52] Using 50000 samples for evaluation
[2025-12-16 14:08:52] 
============================================================
[2025-12-16 14:08:52] Starting epoch 1/3
[2025-12-16 14:08:52] ============================================================
[2025-12-16 14:11:28] Training completed. Starting evaluation...
[2025-12-16 14:12:39] Epoch 1: Avg Loss = 0.5358, AUC = 0.7606
[2025-12-16 14:12:39]   ✅ Saved best model to models/best_delta_3_cutoff_5_minedge_3.pth (AUC: 0.7606)
[2025-12-16 14:12:39] 
============================================================
[2025-12-16 14:12:39] Starting epoch 2/3
[2025-12-16 14:12:39] ============================================================
[2025-12-16 14:15:16] Training completed. Starting evaluation...
[2025-12-16 14:16:29] Epoch 2: Avg Loss = 0.4492, AUC = 0.8195
[2025-12-16 14:16:29]   ✅ Saved best model to models/best_delta_3_cutoff_5_minedge_3.pth (AUC: 0.8195)
[2025-12-16 14:16:29] 
============================================================
[2025-12-16 14:16:29] Starting epoch 3/3
[2025-12-16 14:16:29] ============================================================
[2025-12-16 14:19:11] Training completed. Starting evaluation...
[2025-12-16 14:20:25] Epoch 3: Avg Loss = 0.4305, AUC = 0.8540
[2025-12-16 14:20:25]   ✅ Saved best model to models/best_delta_3_cutoff_5_minedge_3.pth (AUC: 0.8540)
[2025-12-16 14:20:25] Training completed for delta_3_cutoff_5_minedge_3
[2025-12-16 14:20:25] Best AUC: 0.8540 at epoch 3
[2025-12-16 14:20:25] Completed delta_3_cutoff_5_minedge_3 with AUC: 0.8540
