[2025-12-16 14:20:26] Starting processing for delta_5_cutoff_0_minedge_1
[2025-12-16 14:20:26] Config: GATConfig(embedding_dim=256, hidden_dim=256, dropout=0.3, lr=0.001, weight_decay=0.0001, epochs=3, batch_size=1024, num_heads=4, dnn_hidden_dim=256)
[2025-12-16 14:20:26] Dataset stats:
[2025-12-16 14:20:26]   Num nodes: 64719
[2025-12-16 14:20:26]   Train edges: 3342034
[2025-12-16 14:20:26]   Test pairs: 10000000
[2025-12-16 14:20:26]   Positive test pairs: 64027 (0.6%)
[2025-12-16 14:20:26]   Negative test pairs: 9935973 (99.4%)
[2025-12-16 14:20:26] Dataset: delta_5_cutoff_0_minedge_1
[2025-12-16 14:20:26] Training GAT: nodes=64719, train_edges=3406753, test_pairs=10000000
[2025-12-16 14:20:26] Using 50000 samples for evaluation
[2025-12-16 14:20:26] 
============================================================
[2025-12-16 14:20:26] Starting epoch 1/3
[2025-12-16 14:20:26] ============================================================
[2025-12-16 14:21:40] Training completed. Starting evaluation...
[2025-12-16 14:22:15] Epoch 1: Avg Loss = 0.4640, AUC = 0.7248
[2025-12-16 14:22:15]   ✅ Saved best model to models/best_delta_5_cutoff_0_minedge_1.pth (AUC: 0.7248)
[2025-12-16 14:22:15] 
============================================================
[2025-12-16 14:22:15] Starting epoch 2/3
[2025-12-16 14:22:15] ============================================================
[2025-12-16 14:23:29] Training completed. Starting evaluation...
[2025-12-16 14:24:02] Epoch 2: Avg Loss = 0.4380, AUC = 0.7377
[2025-12-16 14:24:02]   ✅ Saved best model to models/best_delta_5_cutoff_0_minedge_1.pth (AUC: 0.7377)
[2025-12-16 14:24:02] 
============================================================
[2025-12-16 14:24:02] Starting epoch 3/3
[2025-12-16 14:24:02] ============================================================
[2025-12-16 14:25:16] Training completed. Starting evaluation...
[2025-12-16 14:25:51] Epoch 3: Avg Loss = 0.4121, AUC = 0.7631
[2025-12-16 14:25:51]   ✅ Saved best model to models/best_delta_5_cutoff_0_minedge_1.pth (AUC: 0.7631)
[2025-12-16 14:25:51] Training completed for delta_5_cutoff_0_minedge_1
[2025-12-16 14:25:51] Best AUC: 0.7631 at epoch 3
[2025-12-16 14:25:51] Completed delta_5_cutoff_0_minedge_1 with AUC: 0.7631
