[2025-12-16 11:36:31] Starting processing for delta_3_cutoff_0_minedge_1
[2025-12-16 11:36:31] Config: GATConfig(embedding_dim=256, hidden_dim=256, dropout=0.3, lr=0.001, weight_decay=0.0001, epochs=3, batch_size=1024, num_heads=4, dnn_hidden_dim=256)
[2025-12-16 11:36:31] Dataset stats:
[2025-12-16 11:36:31]   Num nodes: 64719
[2025-12-16 11:36:31]   Train edges: 7652856
[2025-12-16 11:36:31]   Test pairs: 10000000
[2025-12-16 11:36:31]   Positive test pairs: 49548 (0.5%)
[2025-12-16 11:36:31]   Negative test pairs: 9950452 (99.5%)
[2025-12-16 11:36:31] Dataset: delta_3_cutoff_0_minedge_1
[2025-12-16 11:36:31] Training GAT: nodes=64719, train_edges=7717575, test_pairs=10000000
[2025-12-16 11:36:31] Using 50000 samples for evaluation
[2025-12-16 11:36:31] 
============================================================
[2025-12-16 11:36:31] Starting epoch 1/3
[2025-12-16 11:36:31] ============================================================
[2025-12-16 11:39:10] Training completed. Starting evaluation...
[2025-12-16 11:40:22] Epoch 1: Avg Loss = 0.5561, AUC = 0.7086
[2025-12-16 11:40:22]   ✅ Saved best model to models/best_delta_3_cutoff_0_minedge_1.pth (AUC: 0.7086)
[2025-12-16 11:40:22] 
============================================================
[2025-12-16 11:40:22] Starting epoch 2/3
[2025-12-16 11:40:22] ============================================================
[2025-12-16 11:43:00] Training completed. Starting evaluation...
[2025-12-16 11:44:12] Epoch 2: Avg Loss = 0.4745, AUC = 0.7605
[2025-12-16 11:44:12]   ✅ Saved best model to models/best_delta_3_cutoff_0_minedge_1.pth (AUC: 0.7605)
[2025-12-16 11:44:12] 
============================================================
[2025-12-16 11:44:12] Starting epoch 3/3
[2025-12-16 11:44:12] ============================================================
[2025-12-16 12:07:40] Training completed. Starting evaluation...
[2025-12-16 12:08:52] Epoch 3: Avg Loss = 0.4204, AUC = 0.7561
[2025-12-16 12:08:52] Training completed for delta_3_cutoff_0_minedge_1
[2025-12-16 12:08:52] Best AUC: 0.7605 at epoch 2
[2025-12-16 12:08:52] Completed delta_3_cutoff_0_minedge_1 with AUC: 0.7605
