[2025-12-16 14:31:26] Starting processing for delta_5_cutoff_25_minedge_1
[2025-12-16 14:31:26] Config: GATConfig(embedding_dim=256, hidden_dim=256, dropout=0.3, lr=0.001, weight_decay=0.0001, epochs=3, batch_size=1024, num_heads=4, dnn_hidden_dim=256)
[2025-12-16 14:31:26] Dataset stats:
[2025-12-16 14:31:26]   Num nodes: 64706
[2025-12-16 14:31:26]   Train edges: 3342034
[2025-12-16 14:31:26]   Test pairs: 10000000
[2025-12-16 14:31:26]   Positive test pairs: 153304 (1.5%)
[2025-12-16 14:31:26]   Negative test pairs: 9846696 (98.5%)
[2025-12-16 14:31:26] Dataset: delta_5_cutoff_25_minedge_1
[2025-12-16 14:31:26] Training GAT: nodes=64706, train_edges=3406740, test_pairs=10000000
[2025-12-16 14:31:26] Using 50000 samples for evaluation
[2025-12-16 14:31:26] 
============================================================
[2025-12-16 14:31:26] Starting epoch 1/3
[2025-12-16 14:31:26] ============================================================
[2025-12-16 14:32:43] Training completed. Starting evaluation...
[2025-12-16 14:33:19] Epoch 1: Avg Loss = 0.4725, AUC = 0.6521
[2025-12-16 14:33:20]   ✅ Saved best model to models/best_delta_5_cutoff_25_minedge_1.pth (AUC: 0.6521)
[2025-12-16 14:33:20] 
============================================================
[2025-12-16 14:33:20] Starting epoch 2/3
[2025-12-16 14:33:20] ============================================================
[2025-12-16 14:34:38] Training completed. Starting evaluation...
[2025-12-16 14:35:13] Epoch 2: Avg Loss = 0.4136, AUC = 0.7139
[2025-12-16 14:35:13]   ✅ Saved best model to models/best_delta_5_cutoff_25_minedge_1.pth (AUC: 0.7139)
[2025-12-16 14:35:13] 
============================================================
[2025-12-16 14:35:13] Starting epoch 3/3
[2025-12-16 14:35:13] ============================================================
[2025-12-16 14:36:26] Training completed. Starting evaluation...
[2025-12-16 14:37:00] Epoch 3: Avg Loss = 0.3962, AUC = 0.7480
[2025-12-16 14:37:00]   ✅ Saved best model to models/best_delta_5_cutoff_25_minedge_1.pth (AUC: 0.7480)
[2025-12-16 14:37:00] Training completed for delta_5_cutoff_25_minedge_1
[2025-12-16 14:37:00] Best AUC: 0.7480 at epoch 3
[2025-12-16 14:37:00] Completed delta_5_cutoff_25_minedge_1 with AUC: 0.7480
