[2025-12-16 04:37:21] Starting processing for delta_1_cutoff_0_minedge_1
[2025-12-16 04:37:21] Config: GATConfig(embedding_dim=256, hidden_dim=256, dropout=0.3, lr=0.001, weight_decay=0.0001, epochs=3, batch_size=1024, num_heads=4, dnn_hidden_dim=256)
[2025-12-16 04:37:21] Dataset stats:
[2025-12-16 04:37:21]   Num nodes: 64719
[2025-12-16 04:37:21]   Train edges: 17892352
[2025-12-16 04:37:21]   Test pairs: 10000000
[2025-12-16 04:37:21]   Positive test pairs: 20990 (0.2%)
[2025-12-16 04:37:21]   Negative test pairs: 9979010 (99.8%)
[2025-12-16 04:37:22] Dataset: delta_1_cutoff_0_minedge_1
[2025-12-16 04:37:22] Training GAT: nodes=64719, train_edges=17957071, test_pairs=10000000
[2025-12-16 04:37:22] Using 50000 samples for evaluation
[2025-12-16 04:37:22] 
============================================================
[2025-12-16 04:37:22] Starting epoch 1/3
[2025-12-16 04:37:22] ============================================================
[2025-12-16 04:43:25] Training completed. Starting evaluation...
[2025-12-16 04:46:09] Epoch 1: Avg Loss = 0.5944, AUC = 0.7192
[2025-12-16 04:46:09]   ✅ Saved best model to models/best_delta_1_cutoff_0_minedge_1.pth (AUC: 0.7192)
[2025-12-16 04:46:09] 
============================================================
[2025-12-16 04:46:09] Starting epoch 2/3
[2025-12-16 04:46:09] ============================================================
[2025-12-16 06:25:14] Training completed. Starting evaluation...
[2025-12-16 06:30:48] Epoch 2: Avg Loss = 0.4864, AUC = 0.8116
[2025-12-16 06:30:48]   ✅ Saved best model to models/best_delta_1_cutoff_0_minedge_1.pth (AUC: 0.8116)
[2025-12-16 06:30:48] 
============================================================
[2025-12-16 06:30:48] Starting epoch 3/3
[2025-12-16 06:30:48] ============================================================
[2025-12-16 07:37:33] Training completed. Starting evaluation...
[2025-12-16 07:47:26] Epoch 3: Avg Loss = 0.4409, AUC = 0.8475
[2025-12-16 07:47:26]   ✅ Saved best model to models/best_delta_1_cutoff_0_minedge_1.pth (AUC: 0.8475)
[2025-12-16 07:47:26] Training completed for delta_1_cutoff_0_minedge_1
[2025-12-16 07:47:26] Best AUC: 0.8475 at epoch 3
[2025-12-16 07:47:26] Completed delta_1_cutoff_0_minedge_1 with AUC: 0.8475
