[2025-12-16 10:28:26] Starting processing for delta_1_cutoff_5_minedge_1
[2025-12-16 10:28:26] Config: GATConfig(embedding_dim=256, hidden_dim=256, dropout=0.3, lr=0.001, weight_decay=0.0001, epochs=3, batch_size=1024, num_heads=4, dnn_hidden_dim=256)
[2025-12-16 10:28:26] Dataset stats:
[2025-12-16 10:28:26]   Num nodes: 64716
[2025-12-16 10:28:26]   Train edges: 17892352
[2025-12-16 10:28:26]   Test pairs: 10000000
[2025-12-16 10:28:26]   Positive test pairs: 21430 (0.2%)
[2025-12-16 10:28:26]   Negative test pairs: 9978570 (99.8%)
[2025-12-16 10:28:26] Dataset: delta_1_cutoff_5_minedge_1
[2025-12-16 10:28:26] Training GAT: nodes=64716, train_edges=17957068, test_pairs=10000000
[2025-12-16 10:28:26] Using 50000 samples for evaluation
[2025-12-16 10:28:26] 
============================================================
[2025-12-16 10:28:26] Starting epoch 1/3
[2025-12-16 10:28:26] ============================================================
[2025-12-16 10:36:16] Training completed. Starting evaluation...
[2025-12-16 10:39:54] Epoch 1: Avg Loss = 0.6048, AUC = 0.6499
[2025-12-16 10:39:54]   ✅ Saved best model to models/best_delta_1_cutoff_5_minedge_1.pth (AUC: 0.6499)
[2025-12-16 10:39:54] 
============================================================
[2025-12-16 10:39:54] Starting epoch 2/3
[2025-12-16 10:39:54] ============================================================
[2025-12-16 10:46:19] Training completed. Starting evaluation...
[2025-12-16 10:49:03] Epoch 2: Avg Loss = 0.4889, AUC = 0.7586
[2025-12-16 10:49:03]   ✅ Saved best model to models/best_delta_1_cutoff_5_minedge_1.pth (AUC: 0.7586)
[2025-12-16 10:49:03] 
============================================================
[2025-12-16 10:49:03] Starting epoch 3/3
[2025-12-16 10:49:03] ============================================================
[2025-12-16 10:55:05] Training completed. Starting evaluation...
[2025-12-16 10:58:19] Epoch 3: Avg Loss = 0.4509, AUC = 0.7985
[2025-12-16 10:58:19]   ✅ Saved best model to models/best_delta_1_cutoff_5_minedge_1.pth (AUC: 0.7985)
[2025-12-16 10:58:19] Training completed for delta_1_cutoff_5_minedge_1
[2025-12-16 10:58:19] Best AUC: 0.7985 at epoch 3
[2025-12-16 10:58:19] Completed delta_1_cutoff_5_minedge_1 with AUC: 0.7985
