[2025-12-16 14:47:53] Starting processing for delta_5_cutoff_5_minedge_3
[2025-12-16 14:47:53] Config: GATConfig(embedding_dim=256, hidden_dim=256, dropout=0.3, lr=0.001, weight_decay=0.0001, epochs=3, batch_size=1024, num_heads=4, dnn_hidden_dim=256)
[2025-12-16 14:47:53] Dataset stats:
[2025-12-16 14:47:53]   Num nodes: 64706
[2025-12-16 14:47:53]   Train edges: 3342034
[2025-12-16 14:47:53]   Test pairs: 10000000
[2025-12-16 14:47:53]   Positive test pairs: 7447 (0.1%)
[2025-12-16 14:47:53]   Negative test pairs: 9992553 (99.9%)
[2025-12-16 14:47:53] Dataset: delta_5_cutoff_5_minedge_3
[2025-12-16 14:47:53] Training GAT: nodes=64706, train_edges=3406740, test_pairs=10000000
[2025-12-16 14:47:53] Using 50000 samples for evaluation
[2025-12-16 14:47:53] 
============================================================
[2025-12-16 14:47:53] Starting epoch 1/3
[2025-12-16 14:47:53] ============================================================
[2025-12-16 14:49:13] Training completed. Starting evaluation...
[2025-12-16 14:49:52] Epoch 1: Avg Loss = 0.4611, AUC = 0.7100
[2025-12-16 14:49:52]   ✅ Saved best model to models/best_delta_5_cutoff_5_minedge_3.pth (AUC: 0.7100)
[2025-12-16 14:49:52] 
============================================================
[2025-12-16 14:49:52] Starting epoch 2/3
[2025-12-16 14:49:52] ============================================================
[2025-12-16 14:51:11] Training completed. Starting evaluation...
[2025-12-16 14:51:47] Epoch 2: Avg Loss = 0.4290, AUC = 0.7280
[2025-12-16 14:51:47]   ✅ Saved best model to models/best_delta_5_cutoff_5_minedge_3.pth (AUC: 0.7280)
[2025-12-16 14:51:47] 
============================================================
[2025-12-16 14:51:47] Starting epoch 3/3
[2025-12-16 14:51:47] ============================================================
[2025-12-16 14:53:03] Training completed. Starting evaluation...
[2025-12-16 14:53:40] Epoch 3: Avg Loss = 0.3979, AUC = 0.8087
[2025-12-16 14:53:40]   ✅ Saved best model to models/best_delta_5_cutoff_5_minedge_3.pth (AUC: 0.8087)
[2025-12-16 14:53:40] Training completed for delta_5_cutoff_5_minedge_3
[2025-12-16 14:53:40] Best AUC: 0.8087 at epoch 3
[2025-12-16 14:53:40] Completed delta_5_cutoff_5_minedge_3 with AUC: 0.8087
