[2025-12-16 08:21:28] Starting processing for delta_1_cutoff_25_minedge_1
[2025-12-16 08:21:28] Config: GATConfig(embedding_dim=256, hidden_dim=256, dropout=0.3, lr=0.001, weight_decay=0.0001, epochs=3, batch_size=1024, num_heads=4, dnn_hidden_dim=256)
[2025-12-16 08:21:28] Dataset stats:
[2025-12-16 08:21:28]   Num nodes: 64716
[2025-12-16 08:21:28]   Train edges: 17892352
[2025-12-16 08:21:28]   Test pairs: 10000000
[2025-12-16 08:21:28]   Positive test pairs: 22713 (0.2%)
[2025-12-16 08:21:28]   Negative test pairs: 9977287 (99.8%)
[2025-12-16 08:21:29] Dataset: delta_1_cutoff_25_minedge_1
[2025-12-16 08:21:29] Training GAT: nodes=64716, train_edges=17957068, test_pairs=10000000
[2025-12-16 08:21:29] Using 50000 samples for evaluation
[2025-12-16 08:21:29] 
============================================================
[2025-12-16 08:21:29] Starting epoch 1/3
[2025-12-16 08:21:29] ============================================================
[2025-12-16 08:29:20] Training completed. Starting evaluation...
[2025-12-16 08:32:55] Epoch 1: Avg Loss = 0.5819, AUC = 0.6954
[2025-12-16 08:32:55]   ✅ Saved best model to models/best_delta_1_cutoff_25_minedge_1.pth (AUC: 0.6954)
[2025-12-16 08:32:55] 
============================================================
[2025-12-16 08:32:55] Starting epoch 2/3
[2025-12-16 08:32:55] ============================================================
[2025-12-16 08:40:46] Training completed. Starting evaluation...
[2025-12-16 08:44:21] Epoch 2: Avg Loss = 0.4989, AUC = 0.7317
[2025-12-16 08:44:21]   ✅ Saved best model to models/best_delta_1_cutoff_25_minedge_1.pth (AUC: 0.7317)
[2025-12-16 08:44:21] 
============================================================
[2025-12-16 08:44:21] Starting epoch 3/3
[2025-12-16 08:44:21] ============================================================
[2025-12-16 09:50:38] Training completed. Starting evaluation...
[2025-12-16 09:54:11] Epoch 3: Avg Loss = 0.4484, AUC = 0.7553
[2025-12-16 09:54:11]   ✅ Saved best model to models/best_delta_1_cutoff_25_minedge_1.pth (AUC: 0.7553)
[2025-12-16 09:54:11] Training completed for delta_1_cutoff_25_minedge_1
[2025-12-16 09:54:11] Best AUC: 0.7553 at epoch 3
[2025-12-16 09:54:11] Completed delta_1_cutoff_25_minedge_1 with AUC: 0.7553
