[2025-12-16 10:58:19] Starting processing for delta_1_cutoff_5_minedge_3
[2025-12-16 10:58:19] Config: GATConfig(embedding_dim=256, hidden_dim=256, dropout=0.3, lr=0.001, weight_decay=0.0001, epochs=3, batch_size=1024, num_heads=4, dnn_hidden_dim=256)
[2025-12-16 10:58:19] Dataset stats:
[2025-12-16 10:58:19]   Num nodes: 64716
[2025-12-16 10:58:19]   Train edges: 17892352
[2025-12-16 10:58:19]   Test pairs: 10000000
[2025-12-16 10:58:19]   Positive test pairs: 155 (0.0%)
[2025-12-16 10:58:19]   Negative test pairs: 9999845 (100.0%)
[2025-12-16 10:58:19] Dataset: delta_1_cutoff_5_minedge_3
[2025-12-16 10:58:19] Training GAT: nodes=64716, train_edges=17957068, test_pairs=10000000
[2025-12-16 10:58:19] Using 50000 samples for evaluation
[2025-12-16 10:58:19] 
============================================================
[2025-12-16 10:58:19] Starting epoch 1/3
[2025-12-16 10:58:19] ============================================================
[2025-12-16 11:06:45] Training completed. Starting evaluation...
[2025-12-16 11:09:29] Epoch 1: Avg Loss = 0.6137, AUC = 0.6578
[2025-12-16 11:09:29]   ✅ Saved best model to models/best_delta_1_cutoff_5_minedge_3.pth (AUC: 0.6578)
[2025-12-16 11:09:29] 
============================================================
[2025-12-16 11:09:29] Starting epoch 2/3
[2025-12-16 11:09:29] ============================================================
[2025-12-16 11:24:41] Training completed. Starting evaluation...
[2025-12-16 11:27:29] Epoch 2: Avg Loss = 0.4999, AUC = 0.7840
[2025-12-16 11:27:29]   ✅ Saved best model to models/best_delta_1_cutoff_5_minedge_3.pth (AUC: 0.7840)
[2025-12-16 11:27:29] 
============================================================
[2025-12-16 11:27:29] Starting epoch 3/3
[2025-12-16 11:27:29] ============================================================
[2025-12-16 11:33:44] Training completed. Starting evaluation...
[2025-12-16 11:36:31] Epoch 3: Avg Loss = 0.4538, AUC = 0.8998
[2025-12-16 11:36:31]   ✅ Saved best model to models/best_delta_1_cutoff_5_minedge_3.pth (AUC: 0.8998)
[2025-12-16 11:36:31] Training completed for delta_1_cutoff_5_minedge_3
[2025-12-16 11:36:31] Best AUC: 0.8998 at epoch 3
[2025-12-16 11:36:31] Completed delta_1_cutoff_5_minedge_3 with AUC: 0.8998
