[2025-12-16 12:32:24] Starting processing for delta_3_cutoff_25_minedge_3
[2025-12-16 12:32:24] Config: GATConfig(embedding_dim=256, hidden_dim=256, dropout=0.3, lr=0.001, weight_decay=0.0001, epochs=3, batch_size=1024, num_heads=4, dnn_hidden_dim=256)
[2025-12-16 12:32:24] Dataset stats:
[2025-12-16 12:32:24]   Num nodes: 64716
[2025-12-16 12:32:24]   Train edges: 7652856
[2025-12-16 12:32:24]   Test pairs: 10000000
[2025-12-16 12:32:24]   Positive test pairs: 3051 (0.0%)
[2025-12-16 12:32:24]   Negative test pairs: 9996949 (100.0%)
[2025-12-16 12:32:24] Dataset: delta_3_cutoff_25_minedge_3
[2025-12-16 12:32:24] Training GAT: nodes=64716, train_edges=7717572, test_pairs=10000000
[2025-12-16 12:32:24] Using 50000 samples for evaluation
[2025-12-16 12:32:24] 
============================================================
[2025-12-16 12:32:24] Starting epoch 1/3
[2025-12-16 12:32:24] ============================================================
[2025-12-16 12:35:01] Training completed. Starting evaluation...
[2025-12-16 12:36:12] Epoch 1: Avg Loss = 0.5524, AUC = 0.4590
[2025-12-16 12:36:12]   ✅ Saved best model to models/best_delta_3_cutoff_25_minedge_3.pth (AUC: 0.4590)
[2025-12-16 12:36:12] 
============================================================
[2025-12-16 12:36:12] Starting epoch 2/3
[2025-12-16 12:36:12] ============================================================
[2025-12-16 12:38:49] Training completed. Starting evaluation...
[2025-12-16 13:35:02] Epoch 2: Avg Loss = 0.4832, AUC = 0.5279
[2025-12-16 13:35:02]   ✅ Saved best model to models/best_delta_3_cutoff_25_minedge_3.pth (AUC: 0.5279)
[2025-12-16 13:35:02] 
============================================================
[2025-12-16 13:35:02] Starting epoch 3/3
[2025-12-16 13:35:02] ============================================================
[2025-12-16 13:56:05] Training completed. Starting evaluation...
[2025-12-16 13:57:17] Epoch 3: Avg Loss = 0.4424, AUC = 0.6928
[2025-12-16 13:57:17]   ✅ Saved best model to models/best_delta_3_cutoff_25_minedge_3.pth (AUC: 0.6928)
[2025-12-16 13:57:17] Training completed for delta_3_cutoff_25_minedge_3
[2025-12-16 13:57:17] Best AUC: 0.6928 at epoch 3
[2025-12-16 13:57:17] Completed delta_3_cutoff_25_minedge_3 with AUC: 0.6928
