[2025-12-16 09:54:11] Starting processing for delta_1_cutoff_25_minedge_3
[2025-12-16 09:54:11] Config: GATConfig(embedding_dim=256, hidden_dim=256, dropout=0.3, lr=0.001, weight_decay=0.0001, epochs=3, batch_size=1024, num_heads=4, dnn_hidden_dim=256)
[2025-12-16 09:54:11] Dataset stats:
[2025-12-16 09:54:11]   Num nodes: 64716
[2025-12-16 09:54:11]   Train edges: 17892352
[2025-12-16 09:54:11]   Test pairs: 10000000
[2025-12-16 09:54:11]   Positive test pairs: 187 (0.0%)
[2025-12-16 09:54:11]   Negative test pairs: 9999813 (100.0%)
[2025-12-16 09:54:12] Dataset: delta_1_cutoff_25_minedge_3
[2025-12-16 09:54:12] Training GAT: nodes=64716, train_edges=17957068, test_pairs=10000000
[2025-12-16 09:54:12] Using 50000 samples for evaluation
[2025-12-16 09:54:12] 
============================================================
[2025-12-16 09:54:12] Starting epoch 1/3
[2025-12-16 09:54:12] ============================================================
[2025-12-16 10:02:01] Training completed. Starting evaluation...
[2025-12-16 10:05:36] Epoch 1: Avg Loss = 0.5948, AUC = nan
[2025-12-16 10:05:36] 
============================================================
[2025-12-16 10:05:36] Starting epoch 2/3
[2025-12-16 10:05:36] ============================================================
[2025-12-16 10:13:23] Training completed. Starting evaluation...
[2025-12-16 10:16:57] Epoch 2: Avg Loss = 0.5144, AUC = nan
[2025-12-16 10:16:57] 
============================================================
[2025-12-16 10:16:57] Starting epoch 3/3
[2025-12-16 10:16:57] ============================================================
[2025-12-16 10:24:50] Training completed. Starting evaluation...
[2025-12-16 10:28:26] Epoch 3: Avg Loss = 0.4634, AUC = nan
[2025-12-16 10:28:26] Training completed for delta_1_cutoff_25_minedge_3
[2025-12-16 10:28:26] Best AUC: 0.0000 at epoch 0
[2025-12-16 10:28:26] Completed delta_1_cutoff_25_minedge_3 with AUC: 0.0000
